gAAAAABnXA-FlmffvlrGQ2q91vK5ne8WVYGczI7I-W-P5q3hnX9hmu-9YkYlZgYbJ5Jb6dNF59sIWgEcP9RczxYEv9Cdo5GEgf2WhqW0rCi6af5shK2Hqt4bDJ1VbTJ_Je-OijpF_XX0rJehYEIxeT04euGB4sIlkL20DYvK5sWP0sN1wg3sOGs6i9jOFbJHjXS3gIiw7V7JOwY-p1JJnhWip-f8N4Z6YuDhbxnw7ZiuT22WfHp_P94=
gAAAAABnXA-F_MBEczUEZmFzmD2esmwKlEllf82N6WDL579-1d9V0XGF0Lt4mVym-UYhfiy2JU7tuWqv8Fxc_xnRzAXJJfZR1dNSsGvhR6TSCf1leLhZhJ-d58RhOrsNtvmVU2ilyq5BAXs4nsSL9EA5eXAvGBqcRylLmnfgoPGGKD98tVKol34uhL-w0JsPs8oNM6U7lO68c5qJjpmsEtqbShs1NUIMZQ==
gAAAAABnXB5pStd84qDYmg5d4hYyeb7fmygOPa0yQBjChU_7mXMZSrY5FMcdkeGA2Z_xYyRZiGcFjg57BcVOz6X4RHkI-mYozuWwcHVdlDrixCoPCqfFwwqlruwW33CZ_PQiB7NTPPpekQxHTnHkJbOLsjzoSWBgFDuNATmltrRJWAwEm1Zq3Z5dnoBuVtkJbbaLuOhfrH5nsIJbIOHoC07EFeT4zLxjZq4CjcJlI34S-7wNfjaCbXk=
gAAAAABnXB5pIBRNQrnEH6gmqoPAht5Oq-LHciiRnoq_TDfdXgWcv-Y851pHXC714DDRQ953mbWk5ClrmcUIhEmp3lo2MLGTi5M9Adl9uCHfIYPju1SuPwBkjnxKP_lBDHVo9bZ8SLyM7AugIWrigOgc8HJx47fvQPydWoDvM8cANE_ai3gOr-W0EhRcO7LuF0tXz3i2wVA7RqS91Z-vZEREoSvXtOHiJg==
gAAAAABnXCFdtIj_kOM5-D-PMRZYYuUNuUaUUJTz6T2T0vppJ1t1Bd46CB3uNVA2Lj4MN47amQ44h-BiLpnFT4ZwrsqBAssKhtVYxjaZ8WNju9Is8Is2fJFRjqqB1yrX-hmmuWDUulYhjfaK_i1IidXu7julAwQb_0jw1vTPQXZK02_rl9VNl6Zy-R9GIk2zWNx-2nbAocpJDsP0HQw18FuiP4OZliR_kjK3xBBwA6BGTY5phWKmLdE=
gAAAAABnXCFd77wjlTjXGXHHykA3efxnk8nqb78LU8BE2_pmt7mrbxumfpWMyrl6kO7SkxnlzxVAuAu7xTnI_JVGPS9Je3TWwbxfvXFArngYJTeGiHGe6DMddbc6veVz6iywpt3mmaAO3iUwiD3jkVa4XP6lUt1gn7zzAzfSO5NBYubpcwDt3sLl9ztbYKB3OZBYuLOUVF5SKJ2pClQzD_hAKjeGfinn4Q==
gAAAAABnXCUBD4WHcANUVh-Pfc8mlB707j9i_OMWEEzTln8-CJaPhg9TfyrzBi4KK1ZL2wEfRt2eK234zhGxcHKwMofa_FYks0ZG6jziaIIpgSrKCGy1Ozn990RgUKZcoqVwgfrAO-8b1HyaBV87lJNjBNT1i5xUsSz6B3m-EU3UHyXHYukRa5_t4tf0uZMnc2vsEB0t8T-1j3JDLAgl-Dh_po_3EjYYtNW3tsjxJxOWg2RYlTsp_jU=
gAAAAABnXCUBUavzlPOAuBa0Z9b_7DpJAh0qjPAq9voRiRvyd0cypvjNuhOV4GAo7GdkSCLEFRUd01dpf4-H43rocvA-vy77t0QEp75nQq2cHWWVkSHn7rHpez_NzTnBErm1DS03AErnzvkOS6JvbcoPDKubBIyi3lshztaGFLn3gzc2l4uQEH1k9HkvFyCVe48Vn5R2s1yV8GnDTenhfqSDK2dpZvwRYw==
gAAAAABnXDawz1YGlLPlp2rcGcbB6oe9I2ydiW62RtGybOs8lsEJOCKdpBp4VjQk6PCAGJKerZkptC8ZmQXUnPOWsES81DEM_tNhcm8QbwGImbmE_Xv09Vu2nEfLYOqYrRxHIFJ1G-MAr_LwfBRxHGe0CDKsN3spprdE9mbtcGKv9_3p93dN-M-VgzK4KFVi_90-p7abJqUAhENY7PbaXj-D2ban6mQgcE2aipCufb4m4IZ8rhgfeo0=
gAAAAABnXDaw_aOKWEcOMYdRYBmnOc9Xyff_xXZL7eBpAuJS8hMtU1HmsPa1Mn296Zuoo-mtEPcOICC08YAvca5sBCpgSzYRvs2zFqucmX9xEvcn1MfNXxe91rIEscf0OdV3GDDg6FI48wWNSsp6KKGvcI5cLWRvCq7vO4p-niWoYLdsDq00QQpc3yGLk1DbaRp8CaI4XtvSFWRwFYNr9bf2h7XfYAZDWw==
gAAAAABnXDc6jZrz9iNy8LckcLTcdI5RQHSWOk9TKHqtWvbKY58x5eKsu5EO_SxUO5bTUy9ltCM8UPf9KILR5CjnuRynSkorZ5ZRVPX4zDWP9T245Hi2RhwoV2S71zUV-moAvs45sAx9NDun1PDOfS70giENN2FwxzLtalx-9vvOj5X8niEMTBNY4Xw4IT8XIllpvU0W63Yl6eGjmGLDz4JUI2m1ybKAjkIAJeYxfXzcZK3KeZx4piI=
gAAAAABnXDc6tDUCf0drax57F9nnIVhC2USQ5_Cf3eSF90PTKgNSzTk8UzXux3V2sL_mTes1-kboihGYG8fT99_rYxq63Ht3ha45eTYT9vWHYARqzTQph-q1o_IEWFrhO7UO4i6NTfqxVzh8sFQz4LWvJhevPP5j831ifra7rfsiwtIURkGlwf9BsY5S4iJmg_eF8XaiDWgzJyIHEDDfn-9ErPmztAxEYw==
gAAAAABnZSwvp9KeAz5vRPC3zXTutZs15NjHKkzK2QO9jqitab2fgBFOzn5uHBKWHbUXLbhPpaz4wUh77PvEifxsrNGDh73PRZ3wlwluI6sIX27lfNiVy-YT0doA0f9uguXp0agPvbd77Ou6j5fcISgiJmTAOZ-YgKPDiuNvn7JHT1ibtQLZUp5xkJ16OKd-M_w0CUmDdgY9jUSadmdcG01ZSjsf5nM7Pw==
gAAAAABnZSwvKuSvYLqrl_jM9VSMmCVv6LL5KJnzt24Sd6KjdZHZi17aXT46MyN0js6ZQpmPd9PL-6HwcPjCW1UWGAV7-5q8ewO6_HF3E962YWOUgRi2GexR6H0n62eztwdlm1KKT-wShX_8GN553EfRHZnSWtP2lfW6ZrIWFsVIuzcNK2W5RtbQi34NGRRmPBt7NgQVm95K
gAAAAABnZSwv1A-48tu6QI3ziiFbxlJY_n792M4IxcWGBqupNz0om83JmZihpni8Ka3wokdncFEz1S7q_xsBYjFqI4UH4JJ3GoC_-CsRQBUAMoTi-O8h1URT76ir3uOoKk68UYp9D6LsApZUuDhr7TxN8KFF-GD3eS-ZljcrT226nRcdGCDaQeV4Thj7_QLgIrVsVZLkZY8_
gAAAAABnZSwvJC-Ssm7qe3VAjg5BHOOy5YuN3-q0JjlLOueI82CeNRrN72Y6Qelwf_8IKod6a29L1NPGrYF1zGRfp1YpenRVOaBeqdA2a9x0zy8laZoO7m0fW3wyzsjVrAk0tYp59lCmtAz4zuDjKtfZ32leUjUb2YGqLIrpclagXsw0c6p2NodVNeIBwwU4rDUgGY4OLon1DlHdITtF84fbEvFOB2AXGA==
gAAAAABnZSwvaTD2JO8ohDa8HKtUHjS00Us6HBBWt0LYWXUjR2QX2QwkDYiOM3oAG8ruw0M382J_gtvNl9XVEzkuHqx3mfycL7XgDGWtX5t6h1_DAi1YRmOkLt_53NnsNSJHKk75n3A_njpOdCwniCtNo9sbXVbZWbmLePtamIs-Skdt0SPtPf36F80mVGI_M8VvhIRENEsw
gAAAAABnZSwxQ49S_cDeBxySJ-gx3eovYUZpQlnqyqcKWt-jNUik6PsC0KwLlW83qTIn-rw4_0xijHFG6K8rrYw8XIDPckPofGl9GZstV2aNNTzn--_1qdy4PfuU64585QUHovzEA77yn2jyp13wf6ccC_hAgnfVBpYIJzyozso_AhMsQjz06awPqGBVQgRmeMMsAzAL5O9_
gAAAAABnZSwxCC4xXTzwe6mOwjho0RAU5L9U6fv240h58ds_gr7XZEYNwnrLmsPiDaVmLRHqd-7x9z6HmZIQ3L8AIf97mWyu5NuMMv1LpuqpToVldGI8IG0LbaMsMECVY9V5WPCz93R395h79kHTHzGk8xwXGFq67IRVVT1DH4qkufzAFR1BoG6GIMtJ0dXXugiizypVVXTm
gAAAAABnZSwxdsz0RoY5nS1XxBM4PoM2f8AkJK05CUabI1DH96XktTgRJndl92Z49xF76XZZp_xjfJ0OuD6qtB8t9MO5FOYqvL6KzCA14SeQEf2bO18CoIptpXzy0EWkdg164-buDytHKSGuh7sD_VmLLTExQuLa8sKgEeF2ulSfBgw5P5zWJYMFXbQ6FmGBiegSw9fUWiZCYWbFxgXZVf_6BAsXfeCQ5NFuPB70EZc27tzBkOKjsaq3fid0hpla2bBftyFPA3P1eC1H9UECR_2i1__l1XEi1d0tXlQXyQDu6KQ3ZA08Yyc=
gAAAAABnZSwy8RUBEsPJu4_VU0yo1ib4u6kiNUHLpX6UJ3zpVeXQKuxJb5iYYIJd3jwrCoc0XlYGXcXmbnMP4cSyh6ng52X2nbq5cXDaFHYbdCoVf3nB1chazJVEUpDL0IHUy68cwiMD0XYQhI6nWv2ZWriTU5Q70dmhbC4ek5ZNYyS7J-9rFzQWKX4AWu7W6Z_5C8sLTHIU
gAAAAABnZSwydw7Ug2O4Sl_W3U9SKm6I_fJ0L-fcQynQNOgYg7xp2FBMgDluGos404oxuqsa6p7CYJEKvfxAN8fNSfrK0-yxZUDMdaU2mQwXK3Ke_rQjEbjZElgbPBLVqkpkRgokyoowL0NKcyfyiEpr9yewQjEiNMPA7_yy9K69mEkAzDyBS1guDBXkx33ZJPbrDRQNmTTM
gAAAAABnZSwye8C8shX5ovGcxSsZJMZpBrYVSe3R0faoLwBdDwp9w-l9VF51_PDdAcPPIdaRpLxeyzwyDHUYRhveyeNFTiAAxIVhrHT9E493BTjCx-EesSmwr2MYQRtEGLag7sqepBZSw-Y8fSN3kMVZ9N19dV9G161OXJfqJdGjUlgYCBbk5mCilX_dD28pVXYEVoAAWItTMg9EYw7AhStY-lcs7ZdUBw==
gAAAAABnZSwy8br9oY1aDVJBLkbdO3S4XlOufweK063Md1TGneHcLKqpxnCyRiWvO9tmIQch1Mw55QbyxMRdAyfMQY5LXpwJ1rWQdqnm41g0re92Piy74SH7Q7Vwa9BL6AHpgtSmLl2OG9hfRMIiBVbrrQ7E5r-UMIlAgZiL2230MaJ_IWObCkGmitBgxUohzavmCBeJKI4Xc-o0p5hawjREJcPC7H-OaVt9YtG-agFoL5ux5cm-RYQ=
